2024-09-03 15:03:08.764 +09:00 [Information] [Microsoft.Hosting.Lifetime] [{ Id: 14, Name: "ListeningOnAddress" }] Now listening on: "https://localhost:7095"
2024-09-03 15:03:08.789 +09:00 [Information] [Microsoft.Hosting.Lifetime] [{ Id: 14, Name: "ListeningOnAddress" }] Now listening on: "http://localhost:5271"
2024-09-03 15:03:08.791 +09:00 [Information] [Microsoft.Hosting.Lifetime] [] Application started. Press Ctrl+C to shut down.
2024-09-03 15:03:08.792 +09:00 [Information] [Microsoft.Hosting.Lifetime] [] Hosting environment: "Development"
2024-09-03 15:03:08.793 +09:00 [Information] [Microsoft.Hosting.Lifetime] [] Content root path: "C:\PROJ2024\Photo_Video_Management_System\ImageVideoManager\ImageVideoManager"
2024-09-03 15:06:00.580 +09:00 [Error] [Microsoft.EntityFrameworkCore.Database.Command] [{ Id: 20102, Name: "Microsoft.EntityFrameworkCore.Database.Command.CommandError" }] Failed executing DbCommand ("115"ms) [Parameters=["@__normalizedUserName_0='?' (Size = 256)"], CommandType='Text', CommandTimeout='30']"
""SELECT TOP(1) [a].[Id], [a].[AccessFailedCount], [a].[CompanyName], [a].[ConcurrencyStamp], [a].[Department], [a].[Email], [a].[EmailConfirmed], [a].[HangulName], [a].[LockoutEnabled], [a].[LockoutEnd], [a].[NormalizedEmail], [a].[NormalizedUserName], [a].[PasswordHash], [a].[PhoneNumber], [a].[PhoneNumberConfirmed], [a].[RegistrationDate], [a].[SecurityStamp], [a].[TwoFactorEnabled], [a].[UserName]
FROM [AspNetUsers] AS [a]
WHERE [a].[NormalizedUserName] = @__normalizedUserName_0"
2024-09-03 15:06:00.657 +09:00 [Error] [Microsoft.EntityFrameworkCore.Query] [{ Id: 10100, Name: "Microsoft.EntityFrameworkCore.Query.QueryIterationFailed" }] An exception occurred while iterating over the results of a query for context type '"ImageVideoManager.Data.ApplicationDbContext"'."
""Microsoft.Data.SqlClient.SqlException (0x80131904): 개체 이름 'AspNetUsers'이(가) 유효하지 않습니다.
   at Microsoft.Data.SqlClient.SqlCommand.<>c.<ExecuteDbDataReaderAsync>b__211_0(Task`1 result)
   at System.Threading.Tasks.ContinuationResultTaskFromResultTask`2.InnerInvoke()
   at System.Threading.ExecutionContext.RunInternal(ExecutionContext executionContext, ContextCallback callback, Object state)
--- End of stack trace from previous location ---
   at System.Threading.ExecutionContext.RunInternal(ExecutionContext executionContext, ContextCallback callback, Object state)
   at System.Threading.Tasks.Task.ExecuteWithThreadLocal(Task& currentTaskSlot, Thread threadPoolThread)
--- End of stack trace from previous location ---
   at Microsoft.EntityFrameworkCore.Storage.RelationalCommand.ExecuteReaderAsync(RelationalCommandParameterObject parameterObject, CancellationToken cancellationToken)
   at Microsoft.EntityFrameworkCore.Storage.RelationalCommand.ExecuteReaderAsync(RelationalCommandParameterObject parameterObject, CancellationToken cancellationToken)
   at Microsoft.EntityFrameworkCore.Query.Internal.SingleQueryingEnumerable`1.AsyncEnumerator.InitializeReaderAsync(AsyncEnumerator enumerator, CancellationToken cancellationToken)
   at Microsoft.EntityFrameworkCore.SqlServer.Storage.Internal.SqlServerExecutionStrategy.ExecuteAsync[TState,TResult](TState state, Func`4 operation, Func`4 verifySucceeded, CancellationToken cancellationToken)
   at Microsoft.EntityFrameworkCore.Query.Internal.SingleQueryingEnumerable`1.AsyncEnumerator.MoveNextAsync()
ClientConnectionId:f0e25f01-7326-45a6-894f-b56e1195c73c
Error Number:208,State:1,Class:16"
Microsoft.Data.SqlClient.SqlException (0x80131904): 개체 이름 'AspNetUsers'이(가) 유효하지 않습니다.
   at Microsoft.Data.SqlClient.SqlCommand.<>c.<ExecuteDbDataReaderAsync>b__211_0(Task`1 result)
   at System.Threading.Tasks.ContinuationResultTaskFromResultTask`2.InnerInvoke()
   at System.Threading.ExecutionContext.RunInternal(ExecutionContext executionContext, ContextCallback callback, Object state)
--- End of stack trace from previous location ---
   at System.Threading.ExecutionContext.RunInternal(ExecutionContext executionContext, ContextCallback callback, Object state)
   at System.Threading.Tasks.Task.ExecuteWithThreadLocal(Task& currentTaskSlot, Thread threadPoolThread)
--- End of stack trace from previous location ---
   at Microsoft.EntityFrameworkCore.Storage.RelationalCommand.ExecuteReaderAsync(RelationalCommandParameterObject parameterObject, CancellationToken cancellationToken)
   at Microsoft.EntityFrameworkCore.Storage.RelationalCommand.ExecuteReaderAsync(RelationalCommandParameterObject parameterObject, CancellationToken cancellationToken)
   at Microsoft.EntityFrameworkCore.Query.Internal.SingleQueryingEnumerable`1.AsyncEnumerator.InitializeReaderAsync(AsyncEnumerator enumerator, CancellationToken cancellationToken)
   at Microsoft.EntityFrameworkCore.SqlServer.Storage.Internal.SqlServerExecutionStrategy.ExecuteAsync[TState,TResult](TState state, Func`4 operation, Func`4 verifySucceeded, CancellationToken cancellationToken)
   at Microsoft.EntityFrameworkCore.Query.Internal.SingleQueryingEnumerable`1.AsyncEnumerator.MoveNextAsync()
ClientConnectionId:f0e25f01-7326-45a6-894f-b56e1195c73c
Error Number:208,State:1,Class:16
2024-09-03 15:06:01.243 +09:00 [Error] [Microsoft.AspNetCore.Diagnostics.DeveloperExceptionPageMiddleware] [{ Id: 1, Name: "UnhandledException" }] An unhandled exception has occurred while executing the request.
Microsoft.Data.SqlClient.SqlException (0x80131904): 개체 이름 'AspNetUsers'이(가) 유효하지 않습니다.
   at Microsoft.Data.SqlClient.SqlCommand.<>c.<ExecuteDbDataReaderAsync>b__211_0(Task`1 result)
   at System.Threading.Tasks.ContinuationResultTaskFromResultTask`2.InnerInvoke()
   at System.Threading.ExecutionContext.RunInternal(ExecutionContext executionContext, ContextCallback callback, Object state)
--- End of stack trace from previous location ---
   at System.Threading.ExecutionContext.RunInternal(ExecutionContext executionContext, ContextCallback callback, Object state)
   at System.Threading.Tasks.Task.ExecuteWithThreadLocal(Task& currentTaskSlot, Thread threadPoolThread)
--- End of stack trace from previous location ---
   at Microsoft.EntityFrameworkCore.Storage.RelationalCommand.ExecuteReaderAsync(RelationalCommandParameterObject parameterObject, CancellationToken cancellationToken)
   at Microsoft.EntityFrameworkCore.Storage.RelationalCommand.ExecuteReaderAsync(RelationalCommandParameterObject parameterObject, CancellationToken cancellationToken)
   at Microsoft.EntityFrameworkCore.Query.Internal.SingleQueryingEnumerable`1.AsyncEnumerator.InitializeReaderAsync(AsyncEnumerator enumerator, CancellationToken cancellationToken)
   at Microsoft.EntityFrameworkCore.SqlServer.Storage.Internal.SqlServerExecutionStrategy.ExecuteAsync[TState,TResult](TState state, Func`4 operation, Func`4 verifySucceeded, CancellationToken cancellationToken)
   at Microsoft.EntityFrameworkCore.Query.Internal.SingleQueryingEnumerable`1.AsyncEnumerator.MoveNextAsync()
   at Microsoft.EntityFrameworkCore.Query.ShapedQueryCompilingExpressionVisitor.SingleOrDefaultAsync[TSource](IAsyncEnumerable`1 asyncEnumerable, CancellationToken cancellationToken)
   at Microsoft.EntityFrameworkCore.Query.ShapedQueryCompilingExpressionVisitor.SingleOrDefaultAsync[TSource](IAsyncEnumerable`1 asyncEnumerable, CancellationToken cancellationToken)
   at Microsoft.AspNetCore.Identity.UserManager`1.FindByNameAsync(String userName)
   at ImageVideoManager.Areas.Identity.Pages.Account.RegisterModel.OnPostAsync() in C:\PROJ2024\Photo_Video_Management_System\ImageVideoManager\ImageVideoManager\Areas\Identity\Pages\Account\Register.cshtml.cs:line 36
   at Microsoft.AspNetCore.Mvc.RazorPages.Infrastructure.ExecutorFactory.GenericTaskHandlerMethod.Convert[T](Object taskAsObject)
   at Microsoft.AspNetCore.Mvc.RazorPages.Infrastructure.ExecutorFactory.GenericTaskHandlerMethod.Execute(Object receiver, Object[] arguments)
   at Microsoft.AspNetCore.Mvc.RazorPages.Infrastructure.PageActionInvoker.InvokeHandlerMethodAsync()
   at Microsoft.AspNetCore.Mvc.RazorPages.Infrastructure.PageActionInvoker.InvokeNextPageFilterAsync()
   at Microsoft.AspNetCore.Mvc.RazorPages.Infrastructure.PageActionInvoker.Rethrow(PageHandlerExecutedContext context)
   at Microsoft.AspNetCore.Mvc.RazorPages.Infrastructure.PageActionInvoker.Next(State& next, Scope& scope, Object& state, Boolean& isCompleted)
   at Microsoft.AspNetCore.Mvc.RazorPages.Infrastructure.PageActionInvoker.InvokeInnerFilterAsync()
   at Microsoft.AspNetCore.Mvc.Infrastructure.ResourceInvoker.<InvokeNextResourceFilter>g__Awaited|25_0(ResourceInvoker invoker, Task lastTask, State next, Scope scope, Object state, Boolean isCompleted)
   at Microsoft.AspNetCore.Mvc.Infrastructure.ResourceInvoker.Rethrow(ResourceExecutedContextSealed context)
   at Microsoft.AspNetCore.Mvc.Infrastructure.ResourceInvoker.Next(State& next, Scope& scope, Object& state, Boolean& isCompleted)
   at Microsoft.AspNetCore.Mvc.Infrastructure.ResourceInvoker.<InvokeFilterPipelineAsync>g__Awaited|20_0(ResourceInvoker invoker, Task lastTask, State next, Scope scope, Object state, Boolean isCompleted)
   at Microsoft.AspNetCore.Mvc.Infrastructure.ResourceInvoker.<InvokeAsync>g__Awaited|17_0(ResourceInvoker invoker, Task task, IDisposable scope)
   at Microsoft.AspNetCore.Mvc.Infrastructure.ResourceInvoker.<InvokeAsync>g__Awaited|17_0(ResourceInvoker invoker, Task task, IDisposable scope)
   at Microsoft.AspNetCore.Routing.EndpointMiddleware.<Invoke>g__AwaitRequestTask|6_0(Endpoint endpoint, Task requestTask, ILogger logger)
   at Microsoft.AspNetCore.Authorization.AuthorizationMiddleware.Invoke(HttpContext context)
   at Microsoft.AspNetCore.Authentication.AuthenticationMiddleware.Invoke(HttpContext context)
   at Microsoft.AspNetCore.Diagnostics.DeveloperExceptionPageMiddlewareImpl.Invoke(HttpContext context)
ClientConnectionId:f0e25f01-7326-45a6-894f-b56e1195c73c
Error Number:208,State:1,Class:16
2024-09-03 15:08:02.504 +09:00 [Information] [Microsoft.Hosting.Lifetime] [{ Id: 14, Name: "ListeningOnAddress" }] Now listening on: "https://localhost:7095"
2024-09-03 15:08:02.525 +09:00 [Information] [Microsoft.Hosting.Lifetime] [{ Id: 14, Name: "ListeningOnAddress" }] Now listening on: "http://localhost:5271"
2024-09-03 15:08:02.526 +09:00 [Information] [Microsoft.Hosting.Lifetime] [] Application started. Press Ctrl+C to shut down.
2024-09-03 15:08:02.527 +09:00 [Information] [Microsoft.Hosting.Lifetime] [] Hosting environment: "Development"
2024-09-03 15:08:02.528 +09:00 [Information] [Microsoft.Hosting.Lifetime] [] Content root path: "C:\PROJ2024\Photo_Video_Management_System\ImageVideoManager\ImageVideoManager"
2024-09-03 15:08:46.200 +09:00 [Information] [ImageVideoManager.Pages.AuthTest] [] ImageVideoManager Initialized: user=2101521
2024-09-03 15:08:46.463 +09:00 [Information] [ImageVideoManager.Pages.AuthTest] [] ImageVideoManager Initialized: user=2101521
2024-09-03 15:08:46.602 +09:00 [Warning] [Microsoft.AspNetCore.Components.Server.Circuits.RemoteRenderer] [{ Id: 100, Name: "ExceptionRenderingComponent" }] Unhandled exception rendering component: "Could not find 'TelerikBlazor.initMediaQuery' ('TelerikBlazor' was undefined).
Error: Could not find 'TelerikBlazor.initMediaQuery' ('TelerikBlazor' was undefined).
    at https://localhost:7095/_framework/blazor.server.js:1:497
    at Array.forEach (<anonymous>)
    at s.findFunction (https://localhost:7095/_framework/blazor.server.js:1:465)
    at E (https://localhost:7095/_framework/blazor.server.js:1:2611)
    at https://localhost:7095/_framework/blazor.server.js:1:3499
    at new Promise (<anonymous>)
    at Ft.beginInvokeJSFromDotNet (https://localhost:7095/_framework/blazor.server.js:1:3480)
    at Ft._invokeClientMethod (https://localhost:7095/_framework/blazor.server.js:1:75072)
    at Ft._processIncomingData (https://localhost:7095/_framework/blazor.server.js:1:72696)
    at Ft.connection.onreceive (https://localhost:7095/_framework/blazor.server.js:1:67009)"
Microsoft.JSInterop.JSException: Could not find 'TelerikBlazor.initMediaQuery' ('TelerikBlazor' was undefined).
Error: Could not find 'TelerikBlazor.initMediaQuery' ('TelerikBlazor' was undefined).
    at https://localhost:7095/_framework/blazor.server.js:1:497
    at Array.forEach (<anonymous>)
    at s.findFunction (https://localhost:7095/_framework/blazor.server.js:1:465)
    at E (https://localhost:7095/_framework/blazor.server.js:1:2611)
    at https://localhost:7095/_framework/blazor.server.js:1:3499
    at new Promise (<anonymous>)
    at Ft.beginInvokeJSFromDotNet (https://localhost:7095/_framework/blazor.server.js:1:3480)
    at Ft._invokeClientMethod (https://localhost:7095/_framework/blazor.server.js:1:75072)
    at Ft._processIncomingData (https://localhost:7095/_framework/blazor.server.js:1:72696)
    at Ft.connection.onreceive (https://localhost:7095/_framework/blazor.server.js:1:67009)
   at Microsoft.JSInterop.JSRuntime.InvokeAsync[TValue](Int64 targetInstanceId, String identifier, Object[] args)
   at Telerik.Blazor.Components.TelerikMediaQuery.InitMediaQueryWidget()
   at Telerik.Blazor.Components.TelerikMediaQuery.OnAfterRenderAsync(Boolean firstRender)
   at Microsoft.AspNetCore.Components.RenderTree.Renderer.GetErrorHandledTask(Task taskToHandle, ComponentState owningComponentState)
2024-09-03 15:08:46.619 +09:00 [Error] [Microsoft.AspNetCore.Components.Server.Circuits.CircuitHost] [{ Id: 111, Name: "CircuitUnhandledException" }] Unhandled exception in circuit '"DqUW7-fMwgkTkqaE8TA4rBxBITSpFzjE2eXfqMAQldE"'.
Microsoft.JSInterop.JSException: Could not find 'TelerikBlazor.initMediaQuery' ('TelerikBlazor' was undefined).
Error: Could not find 'TelerikBlazor.initMediaQuery' ('TelerikBlazor' was undefined).
    at https://localhost:7095/_framework/blazor.server.js:1:497
    at Array.forEach (<anonymous>)
    at s.findFunction (https://localhost:7095/_framework/blazor.server.js:1:465)
    at E (https://localhost:7095/_framework/blazor.server.js:1:2611)
    at https://localhost:7095/_framework/blazor.server.js:1:3499
    at new Promise (<anonymous>)
    at Ft.beginInvokeJSFromDotNet (https://localhost:7095/_framework/blazor.server.js:1:3480)
    at Ft._invokeClientMethod (https://localhost:7095/_framework/blazor.server.js:1:75072)
    at Ft._processIncomingData (https://localhost:7095/_framework/blazor.server.js:1:72696)
    at Ft.connection.onreceive (https://localhost:7095/_framework/blazor.server.js:1:67009)
   at Microsoft.JSInterop.JSRuntime.InvokeAsync[TValue](Int64 targetInstanceId, String identifier, Object[] args)
   at Telerik.Blazor.Components.TelerikMediaQuery.InitMediaQueryWidget()
   at Telerik.Blazor.Components.TelerikMediaQuery.OnAfterRenderAsync(Boolean firstRender)
   at Microsoft.AspNetCore.Components.RenderTree.Renderer.GetErrorHandledTask(Task taskToHandle, ComponentState owningComponentState)
2024-09-03 15:08:47.363 +09:00 [Warning] [Microsoft.AspNetCore.Components.Server.Circuits.RemoteRenderer] [{ Id: 100, Name: "ExceptionRenderingComponent" }] Unhandled exception rendering component: "Could not find 'TelerikBlazor.initMediaQuery' ('TelerikBlazor' was undefined).
Error: Could not find 'TelerikBlazor.initMediaQuery' ('TelerikBlazor' was undefined).
    at https://localhost:7095/_framework/blazor.server.js:1:497
    at Array.forEach (<anonymous>)
    at s.findFunction (https://localhost:7095/_framework/blazor.server.js:1:465)
    at E (https://localhost:7095/_framework/blazor.server.js:1:2611)
    at https://localhost:7095/_framework/blazor.server.js:1:3499
    at new Promise (<anonymous>)
    at Ft.beginInvokeJSFromDotNet (https://localhost:7095/_framework/blazor.server.js:1:3480)
    at Ft._invokeClientMethod (https://localhost:7095/_framework/blazor.server.js:1:75072)
    at Ft._processIncomingData (https://localhost:7095/_framework/blazor.server.js:1:72696)
    at Ft.connection.onreceive (https://localhost:7095/_framework/blazor.server.js:1:67009)"
Microsoft.JSInterop.JSException: Could not find 'TelerikBlazor.initMediaQuery' ('TelerikBlazor' was undefined).
Error: Could not find 'TelerikBlazor.initMediaQuery' ('TelerikBlazor' was undefined).
    at https://localhost:7095/_framework/blazor.server.js:1:497
    at Array.forEach (<anonymous>)
    at s.findFunction (https://localhost:7095/_framework/blazor.server.js:1:465)
    at E (https://localhost:7095/_framework/blazor.server.js:1:2611)
    at https://localhost:7095/_framework/blazor.server.js:1:3499
    at new Promise (<anonymous>)
    at Ft.beginInvokeJSFromDotNet (https://localhost:7095/_framework/blazor.server.js:1:3480)
    at Ft._invokeClientMethod (https://localhost:7095/_framework/blazor.server.js:1:75072)
    at Ft._processIncomingData (https://localhost:7095/_framework/blazor.server.js:1:72696)
    at Ft.connection.onreceive (https://localhost:7095/_framework/blazor.server.js:1:67009)
   at Microsoft.JSInterop.JSRuntime.InvokeAsync[TValue](Int64 targetInstanceId, String identifier, Object[] args)
   at Telerik.Blazor.Components.TelerikMediaQuery.InitMediaQueryWidget()
   at Telerik.Blazor.Components.TelerikMediaQuery.OnAfterRenderAsync(Boolean firstRender)
   at Microsoft.AspNetCore.Components.RenderTree.Renderer.GetErrorHandledTask(Task taskToHandle, ComponentState owningComponentState)
2024-09-03 15:08:47.374 +09:00 [Error] [Microsoft.AspNetCore.Components.Server.Circuits.CircuitHost] [{ Id: 111, Name: "CircuitUnhandledException" }] Unhandled exception in circuit '"DqUW7-fMwgkTkqaE8TA4rBxBITSpFzjE2eXfqMAQldE"'.
Microsoft.JSInterop.JSException: Could not find 'TelerikBlazor.initMediaQuery' ('TelerikBlazor' was undefined).
Error: Could not find 'TelerikBlazor.initMediaQuery' ('TelerikBlazor' was undefined).
    at https://localhost:7095/_framework/blazor.server.js:1:497
    at Array.forEach (<anonymous>)
    at s.findFunction (https://localhost:7095/_framework/blazor.server.js:1:465)
    at E (https://localhost:7095/_framework/blazor.server.js:1:2611)
    at https://localhost:7095/_framework/blazor.server.js:1:3499
    at new Promise (<anonymous>)
    at Ft.beginInvokeJSFromDotNet (https://localhost:7095/_framework/blazor.server.js:1:3480)
    at Ft._invokeClientMethod (https://localhost:7095/_framework/blazor.server.js:1:75072)
    at Ft._processIncomingData (https://localhost:7095/_framework/blazor.server.js:1:72696)
    at Ft.connection.onreceive (https://localhost:7095/_framework/blazor.server.js:1:67009)
   at Microsoft.JSInterop.JSRuntime.InvokeAsync[TValue](Int64 targetInstanceId, String identifier, Object[] args)
   at Telerik.Blazor.Components.TelerikMediaQuery.InitMediaQueryWidget()
   at Telerik.Blazor.Components.TelerikMediaQuery.OnAfterRenderAsync(Boolean firstRender)
   at Microsoft.AspNetCore.Components.RenderTree.Renderer.GetErrorHandledTask(Task taskToHandle, ComponentState owningComponentState)
2024-09-03 15:08:47.433 +09:00 [Warning] [Microsoft.AspNetCore.Components.Server.Circuits.RemoteRenderer] [{ Id: 100, Name: "ExceptionRenderingComponent" }] Unhandled exception rendering component: "Could not find 'TelerikBlazor.initMediaQuery' ('TelerikBlazor' was undefined).
Error: Could not find 'TelerikBlazor.initMediaQuery' ('TelerikBlazor' was undefined).
    at https://localhost:7095/_framework/blazor.server.js:1:497
    at Array.forEach (<anonymous>)
    at s.findFunction (https://localhost:7095/_framework/blazor.server.js:1:465)
    at E (https://localhost:7095/_framework/blazor.server.js:1:2611)
    at https://localhost:7095/_framework/blazor.server.js:1:3499
    at new Promise (<anonymous>)
    at Ft.beginInvokeJSFromDotNet (https://localhost:7095/_framework/blazor.server.js:1:3480)
    at Ft._invokeClientMethod (https://localhost:7095/_framework/blazor.server.js:1:75072)
    at Ft._processIncomingData (https://localhost:7095/_framework/blazor.server.js:1:72696)
    at Ft.connection.onreceive (https://localhost:7095/_framework/blazor.server.js:1:67009)"
Microsoft.JSInterop.JSException: Could not find 'TelerikBlazor.initMediaQuery' ('TelerikBlazor' was undefined).
Error: Could not find 'TelerikBlazor.initMediaQuery' ('TelerikBlazor' was undefined).
    at https://localhost:7095/_framework/blazor.server.js:1:497
    at Array.forEach (<anonymous>)
    at s.findFunction (https://localhost:7095/_framework/blazor.server.js:1:465)
    at E (https://localhost:7095/_framework/blazor.server.js:1:2611)
    at https://localhost:7095/_framework/blazor.server.js:1:3499
    at new Promise (<anonymous>)
    at Ft.beginInvokeJSFromDotNet (https://localhost:7095/_framework/blazor.server.js:1:3480)
    at Ft._invokeClientMethod (https://localhost:7095/_framework/blazor.server.js:1:75072)
    at Ft._processIncomingData (https://localhost:7095/_framework/blazor.server.js:1:72696)
    at Ft.connection.onreceive (https://localhost:7095/_framework/blazor.server.js:1:67009)
   at Microsoft.JSInterop.JSRuntime.InvokeAsync[TValue](Int64 targetInstanceId, String identifier, Object[] args)
   at Telerik.Blazor.Components.TelerikMediaQuery.InitMediaQueryWidget()
   at Telerik.Blazor.Components.TelerikMediaQuery.OnAfterRenderAsync(Boolean firstRender)
   at Microsoft.AspNetCore.Components.RenderTree.Renderer.GetErrorHandledTask(Task taskToHandle, ComponentState owningComponentState)
2024-09-03 15:08:47.450 +09:00 [Error] [Microsoft.AspNetCore.Components.Server.Circuits.CircuitHost] [{ Id: 111, Name: "CircuitUnhandledException" }] Unhandled exception in circuit '"DqUW7-fMwgkTkqaE8TA4rBxBITSpFzjE2eXfqMAQldE"'.
Microsoft.JSInterop.JSException: Could not find 'TelerikBlazor.initMediaQuery' ('TelerikBlazor' was undefined).
Error: Could not find 'TelerikBlazor.initMediaQuery' ('TelerikBlazor' was undefined).
    at https://localhost:7095/_framework/blazor.server.js:1:497
    at Array.forEach (<anonymous>)
    at s.findFunction (https://localhost:7095/_framework/blazor.server.js:1:465)
    at E (https://localhost:7095/_framework/blazor.server.js:1:2611)
    at https://localhost:7095/_framework/blazor.server.js:1:3499
    at new Promise (<anonymous>)
    at Ft.beginInvokeJSFromDotNet (https://localhost:7095/_framework/blazor.server.js:1:3480)
    at Ft._invokeClientMethod (https://localhost:7095/_framework/blazor.server.js:1:75072)
    at Ft._processIncomingData (https://localhost:7095/_framework/blazor.server.js:1:72696)
    at Ft.connection.onreceive (https://localhost:7095/_framework/blazor.server.js:1:67009)
   at Microsoft.JSInterop.JSRuntime.InvokeAsync[TValue](Int64 targetInstanceId, String identifier, Object[] args)
   at Telerik.Blazor.Components.TelerikMediaQuery.InitMediaQueryWidget()
   at Telerik.Blazor.Components.TelerikMediaQuery.OnAfterRenderAsync(Boolean firstRender)
   at Microsoft.AspNetCore.Components.RenderTree.Renderer.GetErrorHandledTask(Task taskToHandle, ComponentState owningComponentState)
2024-09-03 15:08:47.511 +09:00 [Warning] [Microsoft.AspNetCore.Components.Server.Circuits.RemoteRenderer] [{ Id: 100, Name: "ExceptionRenderingComponent" }] Unhandled exception rendering component: "Could not find 'TelerikBlazor.getLocationHost' ('TelerikBlazor' was undefined).
Error: Could not find 'TelerikBlazor.getLocationHost' ('TelerikBlazor' was undefined).
    at https://localhost:7095/_framework/blazor.server.js:1:497
    at Array.forEach (<anonymous>)
    at s.findFunction (https://localhost:7095/_framework/blazor.server.js:1:465)
    at E (https://localhost:7095/_framework/blazor.server.js:1:2611)
    at https://localhost:7095/_framework/blazor.server.js:1:3499
    at new Promise (<anonymous>)
    at Ft.beginInvokeJSFromDotNet (https://localhost:7095/_framework/blazor.server.js:1:3480)
    at Ft._invokeClientMethod (https://localhost:7095/_framework/blazor.server.js:1:75072)
    at Ft._processIncomingData (https://localhost:7095/_framework/blazor.server.js:1:72696)
    at Ft.connection.onreceive (https://localhost:7095/_framework/blazor.server.js:1:67009)"
Microsoft.JSInterop.JSException: Could not find 'TelerikBlazor.getLocationHost' ('TelerikBlazor' was undefined).
Error: Could not find 'TelerikBlazor.getLocationHost' ('TelerikBlazor' was undefined).
    at https://localhost:7095/_framework/blazor.server.js:1:497
    at Array.forEach (<anonymous>)
    at s.findFunction (https://localhost:7095/_framework/blazor.server.js:1:465)
    at E (https://localhost:7095/_framework/blazor.server.js:1:2611)
    at https://localhost:7095/_framework/blazor.server.js:1:3499
    at new Promise (<anonymous>)
    at Ft.beginInvokeJSFromDotNet (https://localhost:7095/_framework/blazor.server.js:1:3480)
    at Ft._invokeClientMethod (https://localhost:7095/_framework/blazor.server.js:1:75072)
    at Ft._processIncomingData (https://localhost:7095/_framework/blazor.server.js:1:72696)
    at Ft.connection.onreceive (https://localhost:7095/_framework/blazor.server.js:1:67009)
   at Microsoft.JSInterop.JSRuntime.InvokeAsync[TValue](Int64 targetInstanceId, String identifier, Object[] args)
   at Telerik.Blazor.Components.Dialog.DialogBuilder.OnAfterRenderAsync(Boolean firstRender)
   at Microsoft.AspNetCore.Components.RenderTree.Renderer.GetErrorHandledTask(Task taskToHandle, ComponentState owningComponentState)
2024-09-03 15:08:47.520 +09:00 [Error] [Microsoft.AspNetCore.Components.Server.Circuits.CircuitHost] [{ Id: 111, Name: "CircuitUnhandledException" }] Unhandled exception in circuit '"DqUW7-fMwgkTkqaE8TA4rBxBITSpFzjE2eXfqMAQldE"'.
Microsoft.JSInterop.JSException: Could not find 'TelerikBlazor.getLocationHost' ('TelerikBlazor' was undefined).
Error: Could not find 'TelerikBlazor.getLocationHost' ('TelerikBlazor' was undefined).
    at https://localhost:7095/_framework/blazor.server.js:1:497
    at Array.forEach (<anonymous>)
    at s.findFunction (https://localhost:7095/_framework/blazor.server.js:1:465)
    at E (https://localhost:7095/_framework/blazor.server.js:1:2611)
    at https://localhost:7095/_framework/blazor.server.js:1:3499
    at new Promise (<anonymous>)
    at Ft.beginInvokeJSFromDotNet (https://localhost:7095/_framework/blazor.server.js:1:3480)
    at Ft._invokeClientMethod (https://localhost:7095/_framework/blazor.server.js:1:75072)
    at Ft._processIncomingData (https://localhost:7095/_framework/blazor.server.js:1:72696)
    at Ft.connection.onreceive (https://localhost:7095/_framework/blazor.server.js:1:67009)
   at Microsoft.JSInterop.JSRuntime.InvokeAsync[TValue](Int64 targetInstanceId, String identifier, Object[] args)
   at Telerik.Blazor.Components.Dialog.DialogBuilder.OnAfterRenderAsync(Boolean firstRender)
   at Microsoft.AspNetCore.Components.RenderTree.Renderer.GetErrorHandledTask(Task taskToHandle, ComponentState owningComponentState)
2024-09-03 15:08:47.587 +09:00 [Warning] [Microsoft.AspNetCore.Components.Server.Circuits.RemoteRenderer] [{ Id: 100, Name: "ExceptionRenderingComponent" }] Unhandled exception rendering component: "Could not find 'TelerikBlazor.initTooltip' ('TelerikBlazor' was undefined).
Error: Could not find 'TelerikBlazor.initTooltip' ('TelerikBlazor' was undefined).
    at https://localhost:7095/_framework/blazor.server.js:1:497
    at Array.forEach (<anonymous>)
    at s.findFunction (https://localhost:7095/_framework/blazor.server.js:1:465)
    at E (https://localhost:7095/_framework/blazor.server.js:1:2611)
    at https://localhost:7095/_framework/blazor.server.js:1:3499
    at new Promise (<anonymous>)
    at Ft.beginInvokeJSFromDotNet (https://localhost:7095/_framework/blazor.server.js:1:3480)
    at Ft._invokeClientMethod (https://localhost:7095/_framework/blazor.server.js:1:75072)
    at Ft._processIncomingData (https://localhost:7095/_framework/blazor.server.js:1:72696)
    at Ft.connection.onreceive (https://localhost:7095/_framework/blazor.server.js:1:67009)"
Microsoft.JSInterop.JSException: Could not find 'TelerikBlazor.initTooltip' ('TelerikBlazor' was undefined).
Error: Could not find 'TelerikBlazor.initTooltip' ('TelerikBlazor' was undefined).
    at https://localhost:7095/_framework/blazor.server.js:1:497
    at Array.forEach (<anonymous>)
    at s.findFunction (https://localhost:7095/_framework/blazor.server.js:1:465)
    at E (https://localhost:7095/_framework/blazor.server.js:1:2611)
    at https://localhost:7095/_framework/blazor.server.js:1:3499
    at new Promise (<anonymous>)
    at Ft.beginInvokeJSFromDotNet (https://localhost:7095/_framework/blazor.server.js:1:3480)
    at Ft._invokeClientMethod (https://localhost:7095/_framework/blazor.server.js:1:75072)
    at Ft._processIncomingData (https://localhost:7095/_framework/blazor.server.js:1:72696)
    at Ft.connection.onreceive (https://localhost:7095/_framework/blazor.server.js:1:67009)
   at Microsoft.JSInterop.JSRuntime.InvokeAsync[TValue](Int64 targetInstanceId, String identifier, Object[] args)
   at Microsoft.JSInterop.JSRuntimeExtensions.InvokeVoidAsync(IJSRuntime jsRuntime, String identifier, Object[] args)
   at Telerik.Blazor.Components.TelerikTooltip.OnAfterRenderAsync(Boolean firstRender)
   at Microsoft.AspNetCore.Components.RenderTree.Renderer.GetErrorHandledTask(Task taskToHandle, ComponentState owningComponentState)
2024-09-03 15:08:47.601 +09:00 [Error] [Microsoft.AspNetCore.Components.Server.Circuits.CircuitHost] [{ Id: 111, Name: "CircuitUnhandledException" }] Unhandled exception in circuit '"DqUW7-fMwgkTkqaE8TA4rBxBITSpFzjE2eXfqMAQldE"'.
Microsoft.JSInterop.JSException: Could not find 'TelerikBlazor.initTooltip' ('TelerikBlazor' was undefined).
Error: Could not find 'TelerikBlazor.initTooltip' ('TelerikBlazor' was undefined).
    at https://localhost:7095/_framework/blazor.server.js:1:497
    at Array.forEach (<anonymous>)
    at s.findFunction (https://localhost:7095/_framework/blazor.server.js:1:465)
    at E (https://localhost:7095/_framework/blazor.server.js:1:2611)
    at https://localhost:7095/_framework/blazor.server.js:1:3499
    at new Promise (<anonymous>)
    at Ft.beginInvokeJSFromDotNet (https://localhost:7095/_framework/blazor.server.js:1:3480)
    at Ft._invokeClientMethod (https://localhost:7095/_framework/blazor.server.js:1:75072)
    at Ft._processIncomingData (https://localhost:7095/_framework/blazor.server.js:1:72696)
    at Ft.connection.onreceive (https://localhost:7095/_framework/blazor.server.js:1:67009)
   at Microsoft.JSInterop.JSRuntime.InvokeAsync[TValue](Int64 targetInstanceId, String identifier, Object[] args)
   at Microsoft.JSInterop.JSRuntimeExtensions.InvokeVoidAsync(IJSRuntime jsRuntime, String identifier, Object[] args)
   at Telerik.Blazor.Components.TelerikTooltip.OnAfterRenderAsync(Boolean firstRender)
   at Microsoft.AspNetCore.Components.RenderTree.Renderer.GetErrorHandledTask(Task taskToHandle, ComponentState owningComponentState)
2024-09-03 15:08:47.670 +09:00 [Warning] [Microsoft.AspNetCore.Components.Server.Circuits.RemoteRenderer] [{ Id: 100, Name: "ExceptionRenderingComponent" }] Unhandled exception rendering component: "Could not find 'TelerikBlazor.initDrawer' ('TelerikBlazor' was undefined).
Error: Could not find 'TelerikBlazor.initDrawer' ('TelerikBlazor' was undefined).
    at https://localhost:7095/_framework/blazor.server.js:1:497
    at Array.forEach (<anonymous>)
    at s.findFunction (https://localhost:7095/_framework/blazor.server.js:1:465)
    at E (https://localhost:7095/_framework/blazor.server.js:1:2611)
    at https://localhost:7095/_framework/blazor.server.js:1:3499
    at new Promise (<anonymous>)
    at Ft.beginInvokeJSFromDotNet (https://localhost:7095/_framework/blazor.server.js:1:3480)
    at Ft._invokeClientMethod (https://localhost:7095/_framework/blazor.server.js:1:75072)
    at Ft._processIncomingData (https://localhost:7095/_framework/blazor.server.js:1:72696)
    at Ft.connection.onreceive (https://localhost:7095/_framework/blazor.server.js:1:67009)"
Microsoft.JSInterop.JSException: Could not find 'TelerikBlazor.initDrawer' ('TelerikBlazor' was undefined).
Error: Could not find 'TelerikBlazor.initDrawer' ('TelerikBlazor' was undefined).
    at https://localhost:7095/_framework/blazor.server.js:1:497
    at Array.forEach (<anonymous>)
    at s.findFunction (https://localhost:7095/_framework/blazor.server.js:1:465)
    at E (https://localhost:7095/_framework/blazor.server.js:1:2611)
    at https://localhost:7095/_framework/blazor.server.js:1:3499
    at new Promise (<anonymous>)
    at Ft.beginInvokeJSFromDotNet (https://localhost:7095/_framework/blazor.server.js:1:3480)
    at Ft._invokeClientMethod (https://localhost:7095/_framework/blazor.server.js:1:75072)
    at Ft._processIncomingData (https://localhost:7095/_framework/blazor.server.js:1:72696)
    at Ft.connection.onreceive (https://localhost:7095/_framework/blazor.server.js:1:67009)
   at Microsoft.JSInterop.JSRuntime.InvokeAsync[TValue](Int64 targetInstanceId, String identifier, Object[] args)
   at Telerik.Blazor.Components.TelerikDrawer`1.InitDrawer()
   at Telerik.Blazor.Components.TelerikDrawer`1.OnAfterRenderAsync(Boolean firstRender)
   at Microsoft.AspNetCore.Components.RenderTree.Renderer.GetErrorHandledTask(Task taskToHandle, ComponentState owningComponentState)
2024-09-03 15:08:47.678 +09:00 [Error] [Microsoft.AspNetCore.Components.Server.Circuits.CircuitHost] [{ Id: 111, Name: "CircuitUnhandledException" }] Unhandled exception in circuit '"DqUW7-fMwgkTkqaE8TA4rBxBITSpFzjE2eXfqMAQldE"'.
Microsoft.JSInterop.JSException: Could not find 'TelerikBlazor.initDrawer' ('TelerikBlazor' was undefined).
Error: Could not find 'TelerikBlazor.initDrawer' ('TelerikBlazor' was undefined).
    at https://localhost:7095/_framework/blazor.server.js:1:497
    at Array.forEach (<anonymous>)
    at s.findFunction (https://localhost:7095/_framework/blazor.server.js:1:465)
    at E (https://localhost:7095/_framework/blazor.server.js:1:2611)
    at https://localhost:7095/_framework/blazor.server.js:1:3499
    at new Promise (<anonymous>)
    at Ft.beginInvokeJSFromDotNet (https://localhost:7095/_framework/blazor.server.js:1:3480)
    at Ft._invokeClientMethod (https://localhost:7095/_framework/blazor.server.js:1:75072)
    at Ft._processIncomingData (https://localhost:7095/_framework/blazor.server.js:1:72696)
    at Ft.connection.onreceive (https://localhost:7095/_framework/blazor.server.js:1:67009)
   at Microsoft.JSInterop.JSRuntime.InvokeAsync[TValue](Int64 targetInstanceId, String identifier, Object[] args)
   at Telerik.Blazor.Components.TelerikDrawer`1.InitDrawer()
   at Telerik.Blazor.Components.TelerikDrawer`1.OnAfterRenderAsync(Boolean firstRender)
   at Microsoft.AspNetCore.Components.RenderTree.Renderer.GetErrorHandledTask(Task taskToHandle, ComponentState owningComponentState)
2024-09-03 15:08:47.728 +09:00 [Warning] [Microsoft.AspNetCore.Components.Server.Circuits.RemoteRenderer] [{ Id: 100, Name: "ExceptionRenderingComponent" }] Unhandled exception rendering component: "Could not find 'TelerikBlazor.initPopup' ('TelerikBlazor' was undefined).
Error: Could not find 'TelerikBlazor.initPopup' ('TelerikBlazor' was undefined).
    at https://localhost:7095/_framework/blazor.server.js:1:497
    at Array.forEach (<anonymous>)
    at s.findFunction (https://localhost:7095/_framework/blazor.server.js:1:465)
    at E (https://localhost:7095/_framework/blazor.server.js:1:2611)
    at https://localhost:7095/_framework/blazor.server.js:1:3499
    at new Promise (<anonymous>)
    at Ft.beginInvokeJSFromDotNet (https://localhost:7095/_framework/blazor.server.js:1:3480)
    at Ft._invokeClientMethod (https://localhost:7095/_framework/blazor.server.js:1:75072)
    at Ft._processIncomingData (https://localhost:7095/_framework/blazor.server.js:1:72696)
    at Ft.connection.onreceive (https://localhost:7095/_framework/blazor.server.js:1:67009)"
Microsoft.JSInterop.JSException: Could not find 'TelerikBlazor.initPopup' ('TelerikBlazor' was undefined).
Error: Could not find 'TelerikBlazor.initPopup' ('TelerikBlazor' was undefined).
    at https://localhost:7095/_framework/blazor.server.js:1:497
    at Array.forEach (<anonymous>)
    at s.findFunction (https://localhost:7095/_framework/blazor.server.js:1:465)
    at E (https://localhost:7095/_framework/blazor.server.js:1:2611)
    at https://localhost:7095/_framework/blazor.server.js:1:3499
    at new Promise (<anonymous>)
    at Ft.beginInvokeJSFromDotNet (https://localhost:7095/_framework/blazor.server.js:1:3480)
    at Ft._invokeClientMethod (https://localhost:7095/_framework/blazor.server.js:1:75072)
    at Ft._processIncomingData (https://localhost:7095/_framework/blazor.server.js:1:72696)
    at Ft.connection.onreceive (https://localhost:7095/_framework/blazor.server.js:1:67009)
   at Microsoft.JSInterop.JSRuntime.InvokeAsync[TValue](Int64 targetInstanceId, String identifier, Object[] args)
   at Telerik.Blazor.Components.Common.Popup.OnAfterRenderAsync(Boolean firstRender)
   at Microsoft.AspNetCore.Components.RenderTree.Renderer.GetErrorHandledTask(Task taskToHandle, ComponentState owningComponentState)
2024-09-03 15:08:47.736 +09:00 [Error] [Microsoft.AspNetCore.Components.Server.Circuits.CircuitHost] [{ Id: 111, Name: "CircuitUnhandledException" }] Unhandled exception in circuit '"DqUW7-fMwgkTkqaE8TA4rBxBITSpFzjE2eXfqMAQldE"'.
Microsoft.JSInterop.JSException: Could not find 'TelerikBlazor.initPopup' ('TelerikBlazor' was undefined).
Error: Could not find 'TelerikBlazor.initPopup' ('TelerikBlazor' was undefined).
    at https://localhost:7095/_framework/blazor.server.js:1:497
    at Array.forEach (<anonymous>)
    at s.findFunction (https://localhost:7095/_framework/blazor.server.js:1:465)
    at E (https://localhost:7095/_framework/blazor.server.js:1:2611)
    at https://localhost:7095/_framework/blazor.server.js:1:3499
    at new Promise (<anonymous>)
    at Ft.beginInvokeJSFromDotNet (https://localhost:7095/_framework/blazor.server.js:1:3480)
    at Ft._invokeClientMethod (https://localhost:7095/_framework/blazor.server.js:1:75072)
    at Ft._processIncomingData (https://localhost:7095/_framework/blazor.server.js:1:72696)
    at Ft.connection.onreceive (https://localhost:7095/_framework/blazor.server.js:1:67009)
   at Microsoft.JSInterop.JSRuntime.InvokeAsync[TValue](Int64 targetInstanceId, String identifier, Object[] args)
   at Telerik.Blazor.Components.Common.Popup.OnAfterRenderAsync(Boolean firstRender)
   at Microsoft.AspNetCore.Components.RenderTree.Renderer.GetErrorHandledTask(Task taskToHandle, ComponentState owningComponentState)
2024-09-03 15:08:47.823 +09:00 [Warning] [Microsoft.AspNetCore.Components.Server.Circuits.RemoteRenderer] [{ Id: 100, Name: "ExceptionRenderingComponent" }] Unhandled exception rendering component: "Could not find 'TelerikBlazor.initAnimationGroup' ('TelerikBlazor' was undefined).
Error: Could not find 'TelerikBlazor.initAnimationGroup' ('TelerikBlazor' was undefined).
    at https://localhost:7095/_framework/blazor.server.js:1:497
    at Array.forEach (<anonymous>)
    at s.findFunction (https://localhost:7095/_framework/blazor.server.js:1:465)
    at E (https://localhost:7095/_framework/blazor.server.js:1:2611)
    at https://localhost:7095/_framework/blazor.server.js:1:3499
    at new Promise (<anonymous>)
    at Ft.beginInvokeJSFromDotNet (https://localhost:7095/_framework/blazor.server.js:1:3480)
    at Ft._invokeClientMethod (https://localhost:7095/_framework/blazor.server.js:1:75072)
    at Ft._processIncomingData (https://localhost:7095/_framework/blazor.server.js:1:72696)
    at Ft.connection.onreceive (https://localhost:7095/_framework/blazor.server.js:1:67009)"
Microsoft.JSInterop.JSException: Could not find 'TelerikBlazor.initAnimationGroup' ('TelerikBlazor' was undefined).
Error: Could not find 'TelerikBlazor.initAnimationGroup' ('TelerikBlazor' was undefined).
    at https://localhost:7095/_framework/blazor.server.js:1:497
    at Array.forEach (<anonymous>)
    at s.findFunction (https://localhost:7095/_framework/blazor.server.js:1:465)
    at E (https://localhost:7095/_framework/blazor.server.js:1:2611)
    at https://localhost:7095/_framework/blazor.server.js:1:3499
    at new Promise (<anonymous>)
    at Ft.beginInvokeJSFromDotNet (https://localhost:7095/_framework/blazor.server.js:1:3480)
    at Ft._invokeClientMethod (https://localhost:7095/_framework/blazor.server.js:1:75072)
    at Ft._processIncomingData (https://localhost:7095/_framework/blazor.server.js:1:72696)
    at Ft.connection.onreceive (https://localhost:7095/_framework/blazor.server.js:1:67009)
   at Microsoft.JSInterop.JSRuntime.InvokeAsync[TValue](Int64 targetInstanceId, String identifier, Object[] args)
   at Telerik.Blazor.Components.Common.Animation.AnimationGroupBase.InvokeJsMethod(String methodName)
   at Telerik.Blazor.Components.Common.Animation.AnimationGroupBase.InitWidget()
   at Telerik.Blazor.Components.Common.Animation.AnimationGroupBase.OnAfterRenderAsync(Boolean firstRender)
   at Microsoft.AspNetCore.Components.RenderTree.Renderer.GetErrorHandledTask(Task taskToHandle, ComponentState owningComponentState)
2024-09-03 15:08:47.844 +09:00 [Error] [Microsoft.AspNetCore.Components.Server.Circuits.CircuitHost] [{ Id: 111, Name: "CircuitUnhandledException" }] Unhandled exception in circuit '"DqUW7-fMwgkTkqaE8TA4rBxBITSpFzjE2eXfqMAQldE"'.
Microsoft.JSInterop.JSException: Could not find 'TelerikBlazor.initAnimationGroup' ('TelerikBlazor' was undefined).
Error: Could not find 'TelerikBlazor.initAnimationGroup' ('TelerikBlazor' was undefined).
    at https://localhost:7095/_framework/blazor.server.js:1:497
    at Array.forEach (<anonymous>)
    at s.findFunction (https://localhost:7095/_framework/blazor.server.js:1:465)
    at E (https://localhost:7095/_framework/blazor.server.js:1:2611)
    at https://localhost:7095/_framework/blazor.server.js:1:3499
    at new Promise (<anonymous>)
    at Ft.beginInvokeJSFromDotNet (https://localhost:7095/_framework/blazor.server.js:1:3480)
    at Ft._invokeClientMethod (https://localhost:7095/_framework/blazor.server.js:1:75072)
    at Ft._processIncomingData (https://localhost:7095/_framework/blazor.server.js:1:72696)
    at Ft.connection.onreceive (https://localhost:7095/_framework/blazor.server.js:1:67009)
   at Microsoft.JSInterop.JSRuntime.InvokeAsync[TValue](Int64 targetInstanceId, String identifier, Object[] args)
   at Telerik.Blazor.Components.Common.Animation.AnimationGroupBase.InvokeJsMethod(String methodName)
   at Telerik.Blazor.Components.Common.Animation.AnimationGroupBase.InitWidget()
   at Telerik.Blazor.Components.Common.Animation.AnimationGroupBase.OnAfterRenderAsync(Boolean firstRender)
   at Microsoft.AspNetCore.Components.RenderTree.Renderer.GetErrorHandledTask(Task taskToHandle, ComponentState owningComponentState)
2024-09-03 15:08:48.416 +09:00 [Information] [ImageVideoManager.Pages.AuthTest] [] ImageVideoManager Initialized: user=2101521
2024-09-03 15:08:48.719 +09:00 [Information] [ImageVideoManager.Pages.AuthTest] [] ImageVideoManager Initialized: user=2101521
2024-09-03 15:09:01.109 +09:00 [Information] [ImageVideoManager.Pages.AuthTest] [] ImageVideoManager Initialized: user=2101521
2024-09-03 15:09:01.184 +09:00 [Information] [ImageVideoManager.Pages.AuthTest] [] ImageVideoManager Initialized: user=2101521
2024-09-03 15:09:05.423 +09:00 [Information] [ImageVideoManager.Pages.AuthTest] [] ImageVideoManager Initialized: user=2101521
2024-09-03 15:20:12.729 +09:00 [Information] [Microsoft.Hosting.Lifetime] [{ Id: 14, Name: "ListeningOnAddress" }] Now listening on: "https://localhost:7095"
2024-09-03 15:20:12.750 +09:00 [Information] [Microsoft.Hosting.Lifetime] [{ Id: 14, Name: "ListeningOnAddress" }] Now listening on: "http://localhost:5271"
2024-09-03 15:20:12.752 +09:00 [Information] [Microsoft.Hosting.Lifetime] [] Application started. Press Ctrl+C to shut down.
2024-09-03 15:20:12.753 +09:00 [Information] [Microsoft.Hosting.Lifetime] [] Hosting environment: "Development"
2024-09-03 15:20:12.754 +09:00 [Information] [Microsoft.Hosting.Lifetime] [] Content root path: "C:\PROJ2024\Photo_Video_Management_System\ImageVideoManager\ImageVideoManager"
2024-09-03 15:20:17.036 +09:00 [Information] [ImageVideoManager.Pages.AuthTest] [] ImageVideoManager Initialized: user=2101521
2024-09-03 15:20:17.238 +09:00 [Information] [ImageVideoManager.Pages.AuthTest] [] ImageVideoManager Initialized: user=2101521
2024-09-03 15:25:43.726 +09:00 [Information] [Microsoft.Hosting.Lifetime] [{ Id: 14, Name: "ListeningOnAddress" }] Now listening on: "https://localhost:7095"
2024-09-03 15:25:43.747 +09:00 [Information] [Microsoft.Hosting.Lifetime] [{ Id: 14, Name: "ListeningOnAddress" }] Now listening on: "http://localhost:5271"
2024-09-03 15:25:43.748 +09:00 [Information] [Microsoft.Hosting.Lifetime] [] Application started. Press Ctrl+C to shut down.
2024-09-03 15:25:43.749 +09:00 [Information] [Microsoft.Hosting.Lifetime] [] Hosting environment: "Development"
2024-09-03 15:25:43.750 +09:00 [Information] [Microsoft.Hosting.Lifetime] [] Content root path: "C:\PROJ2024\Photo_Video_Management_System\ImageVideoManager\ImageVideoManager"
2024-09-03 15:25:48.094 +09:00 [Information] [ImageVideoManager.Pages.AuthTest] [] ImageVideoManager Initialized: user=2101521
2024-09-03 15:25:48.467 +09:00 [Information] [ImageVideoManager.Pages.AuthTest] [] ImageVideoManager Initialized: user=2101521
2024-09-03 15:25:50.146 +09:00 [Information] [ImageVideoManager.Pages.AuthTest] [] ImageVideoManager Initialized: user=2101521
2024-09-03 15:25:54.162 +09:00 [Information] [ImageVideoManager.Pages.AuthTest] [] ImageVideoManager Initialized: user=2101521
2024-09-03 16:53:46.553 +09:00 [Information] [Microsoft.Hosting.Lifetime] [{ Id: 14, Name: "ListeningOnAddress" }] Now listening on: "https://localhost:7095"
2024-09-03 16:53:46.576 +09:00 [Information] [Microsoft.Hosting.Lifetime] [{ Id: 14, Name: "ListeningOnAddress" }] Now listening on: "http://localhost:5271"
2024-09-03 16:53:46.578 +09:00 [Information] [Microsoft.Hosting.Lifetime] [] Application started. Press Ctrl+C to shut down.
2024-09-03 16:53:46.579 +09:00 [Information] [Microsoft.Hosting.Lifetime] [] Hosting environment: "Development"
2024-09-03 16:53:46.579 +09:00 [Information] [Microsoft.Hosting.Lifetime] [] Content root path: "C:\PROJ2024\Photo_Video_Management_System\ImageVideoManager\ImageVideoManager"
2024-09-03 17:13:02.820 +09:00 [Information] [Microsoft.Hosting.Lifetime] [{ Id: 14, Name: "ListeningOnAddress" }] Now listening on: "https://localhost:7095"
2024-09-03 17:13:02.842 +09:00 [Information] [Microsoft.Hosting.Lifetime] [{ Id: 14, Name: "ListeningOnAddress" }] Now listening on: "http://localhost:5271"
2024-09-03 17:13:02.844 +09:00 [Information] [Microsoft.Hosting.Lifetime] [] Application started. Press Ctrl+C to shut down.
2024-09-03 17:13:02.845 +09:00 [Information] [Microsoft.Hosting.Lifetime] [] Hosting environment: "Development"
2024-09-03 17:13:02.846 +09:00 [Information] [Microsoft.Hosting.Lifetime] [] Content root path: "C:\PROJ2024\Photo_Video_Management_System\ImageVideoManager\ImageVideoManager"
2024-09-03 17:13:08.970 +09:00 [Information] [ImageVideoManager.Pages.AuthTest] [] ImageVideoManager Initialized: user=2101521
2024-09-03 17:13:09.535 +09:00 [Information] [ImageVideoManager.Pages.AuthTest] [] ImageVideoManager Initialized: user=2101521
